# JRE version: OpenJDK Runtime Environment (8.0_242-b01) (build 1.8.0_242-release-1644-b01)
# Java VM: OpenJDK 64-Bit Server VM (25.242-b01 mixed mode windows-amd64 compressed oops)
Heap:
 PSYoungGen      total 458240K, used 47871K [0x00000000d5580000, 0x00000000f8600000, 0x0000000100000000)
  eden space 413184K, 4% used [0x00000000d5580000,0x00000000d65fe5c0,0x00000000ee900000)
  from space 45056K, 68% used [0x00000000ee900000,0x00000000f07416d0,0x00000000f1500000)
  to   space 47104K, 0% used [0x00000000f5800000,0x00000000f5800000,0x00000000f8600000)
 ParOldGen       total 140288K, used 86089K [0x0000000080000000, 0x0000000088900000, 0x00000000d5580000)
  object space 140288K, 61% used [0x0000000080000000,0x00000000854125f8,0x0000000088900000)
 Metaspace       used 108079K, capacity 114089K, committed 114456K, reserved 1148928K
  class space    used 14348K, capacity 15491K, committed 15656K, reserved 1048576K
GC Heap History (10 events):
Event: 2340.594 GC heap before
{Heap before GC invocations=19 (full 3):
 PSYoungGen      total 327168K, used 322313K [0x00000000d5580000, 0x00000000f0180000, 0x0000000100000000)
  eden space 302080K, 100% used [0x00000000d5580000,0x00000000e7c80000,0x00000000e7c80000)
  from space 25088K, 80% used [0x00000000e7c80000,0x00000000e90424a0,0x00000000e9500000)
  to   space 27136K, 0% used [0x00000000ee700000,0x00000000ee700000,0x00000000f0180000)
 ParOldGen       total 104448K, used 59624K [0x0000000080000000, 0x0000000086600000, 0x00000000d5580000)
  object space 104448K, 57% used [0x0000000080000000,0x0000000083a3a350,0x0000000086600000)
 Metaspace       used 91195K, capacity 96447K, committed 96536K, reserved 1132544K
  class space    used 12098K, capacity 13056K, committed 13096K, reserved 1048576K
Event: 2340.664 GC heap after
Heap after GC invocations=19 (full 3):
 PSYoungGen      total 394752K, used 17531K [0x00000000d5580000, 0x00000000efa00000, 0x0000000100000000)
  eden space 375296K, 0% used [0x00000000d5580000,0x00000000d5580000,0x00000000ec400000)
  from space 19456K, 90% used [0x00000000ee700000,0x00000000ef81ed58,0x00000000efa00000)
  to   space 27648K, 0% used [0x00000000ec400000,0x00000000ec400000,0x00000000edf00000)
 ParOldGen       total 104448K, used 59632K [0x0000000080000000, 0x0000000086600000, 0x00000000d5580000)
  object space 104448K, 57% used [0x0000000080000000,0x0000000083a3c350,0x0000000086600000)
 Metaspace       used 91195K, capacity 96447K, committed 96536K, reserved 1132544K
  class space    used 12098K, capacity 13056K, committed 13096K, reserved 1048576K
}
Event: 2341.634 GC heap before
{Heap before GC invocations=20 (full 3):
 PSYoungGen      total 394752K, used 48042K [0x00000000d5580000, 0x00000000efa00000, 0x0000000100000000)
  eden space 375296K, 8% used [0x00000000d5580000,0x00000000d734bbc8,0x00000000ec400000)
  from space 19456K, 90% used [0x00000000ee700000,0x00000000ef81ed58,0x00000000efa00000)
  to   space 27648K, 0% used [0x00000000ec400000,0x00000000ec400000,0x00000000edf00000)
 ParOldGen       total 104448K, used 59632K [0x0000000080000000, 0x0000000086600000, 0x00000000d5580000)
  object space 104448K, 57% used [0x0000000080000000,0x0000000083a3c350,0x0000000086600000)
 Metaspace       used 93240K, capacity 98447K, committed 98600K, reserved 1134592K
  class space    used 12383K, capacity 13358K, committed 13480K, reserved 1048576K
Event: 2341.644 GC heap after
Heap after GC invocations=20 (full 3):
 PSYoungGen      total 402944K, used 16500K [0x00000000d5580000, 0x00000000f3000000, 0x0000000100000000)
  eden space 375296K, 0% used [0x00000000d5580000,0x00000000d5580000,0x00000000ec400000)
  from space 27648K, 59% used [0x00000000ec400000,0x00000000ed41d378,0x00000000edf00000)
  to   space 27648K, 0% used [0x00000000f1500000,0x00000000f1500000,0x00000000f3000000)
 ParOldGen       total 104448K, used 59640K [0x0000000080000000, 0x0000000086600000, 0x00000000d5580000)
  object space 104448K, 57% used [0x0000000080000000,0x0000000083a3e350,0x0000000086600000)
 Metaspace       used 93240K, capacity 98447K, committed 98600K, reserved 1134592K
  class space    used 12383K, capacity 13358K, committed 13480K, reserved 1048576K
}
Event: 2341.645 GC heap before
{Heap before GC invocations=21 (full 4):
 PSYoungGen      total 402944K, used 16500K [0x00000000d5580000, 0x00000000f3000000, 0x0000000100000000)
  eden space 375296K, 0% used [0x00000000d5580000,0x00000000d5580000,0x00000000ec400000)
  from space 27648K, 59% used [0x00000000ec400000,0x00000000ed41d378,0x00000000edf00000)
  to   space 27648K, 0% used [0x00000000f1500000,0x00000000f1500000,0x00000000f3000000)
 ParOldGen       total 104448K, used 59640K [0x0000000080000000, 0x0000000086600000, 0x00000000d5580000)
  object space 104448K, 57% used [0x0000000080000000,0x0000000083a3e350,0x0000000086600000)
 Metaspace       used 93240K, capacity 98447K, committed 98600K, reserved 1134592K
  class space    used 12383K, capacity 13358K, committed 13480K, reserved 1048576K
Event: 2342.983 GC heap after
Heap after GC invocations=21 (full 4):
 PSYoungGen      total 402944K, used 0K [0x00000000d5580000, 0x00000000f3000000, 0x0000000100000000)
  eden space 375296K, 0% used [0x00000000d5580000,0x00000000d5580000,0x00000000ec400000)
  from space 27648K, 0% used [0x00000000ec400000,0x00000000ec400000,0x00000000edf00000)
  to   space 27648K, 0% used [0x00000000f1500000,0x00000000f1500000,0x00000000f3000000)
 ParOldGen       total 140288K, used 50210K [0x0000000080000000, 0x0000000088900000, 0x00000000d5580000)
  object space 140288K, 35% used [0x0000000080000000,0x0000000083108808,0x0000000088900000)
 Metaspace       used 92062K, capacity 95821K, committed 98600K, reserved 1134592K
  class space    used 12093K, capacity 12839K, committed 13480K, reserved 1048576K
}
Event: 2349.604 GC heap before
{Heap before GC invocations=22 (full 4):
 PSYoungGen      total 402944K, used 375296K [0x00000000d5580000, 0x00000000f3000000, 0x0000000100000000)
  eden space 375296K, 100% used [0x00000000d5580000,0x00000000ec400000,0x00000000ec400000)
  from space 27648K, 0% used [0x00000000ec400000,0x00000000ec400000,0x00000000edf00000)
  to   space 27648K, 0% used [0x00000000f1500000,0x00000000f1500000,0x00000000f3000000)
 ParOldGen       total 140288K, used 50210K [0x0000000080000000, 0x0000000088900000, 0x00000000d5580000)
  object space 140288K, 35% used [0x0000000080000000,0x0000000083108808,0x0000000088900000)
 Metaspace       used 105440K, capacity 110949K, committed 111128K, reserved 1144832K
  class space    used 14025K, capacity 15057K, committed 15144K, reserved 1048576K
Event: 2349.904 GC heap after
Heap after GC invocations=22 (full 4):
 PSYoungGen      total 440832K, used 27639K [0x00000000d5580000, 0x00000000f6180000, 0x0000000100000000)
  eden space 413184K, 0% used [0x00000000d5580000,0x00000000d5580000,0x00000000ee900000)
  from space 27648K, 99% used [0x00000000f1500000,0x00000000f2ffdd90,0x00000000f3000000)
  to   space 45056K, 0% used [0x00000000ee900000,0x00000000ee900000,0x00000000f1500000)
 ParOldGen       total 140288K, used 86081K [0x0000000080000000, 0x0000000088900000, 0x00000000d5580000)
  object space 140288K, 61% used [0x0000000080000000,0x00000000854105f8,0x0000000088900000)
 Metaspace       used 105440K, capacity 110949K, committed 111128K, reserved 1144832K
  class space    used 14025K, capacity 15057K, committed 15144K, reserved 1048576K
}
Event: 2599.622 GC heap before
{Heap before GC invocations=23 (full 4):
 PSYoungGen      total 440832K, used 440823K [0x00000000d5580000, 0x00000000f6180000, 0x0000000100000000)
  eden space 413184K, 100% used [0x00000000d5580000,0x00000000ee900000,0x00000000ee900000)
  from space 27648K, 99% used [0x00000000f1500000,0x00000000f2ffdd90,0x00000000f3000000)
  to   space 45056K, 0% used [0x00000000ee900000,0x00000000ee900000,0x00000000f1500000)
 ParOldGen       total 140288K, used 86081K [0x0000000080000000, 0x0000000088900000, 0x00000000d5580000)
  object space 140288K, 61% used [0x0000000080000000,0x00000000854105f8,0x0000000088900000)
 Metaspace       used 107963K, capacity 113911K, committed 114072K, reserved 1148928K
  class space    used 14340K, capacity 15456K, committed 15528K, reserved 1048576K
Event: 2599.728 GC heap after
Heap after GC invocations=23 (full 4):
 PSYoungGen      total 458240K, used 30981K [0x00000000d5580000, 0x00000000f8600000, 0x0000000100000000)
  eden space 413184K, 0% used [0x00000000d5580000,0x00000000d5580000,0x00000000ee900000)
  from space 45056K, 68% used [0x00000000ee900000,0x00000000f07416d0,0x00000000f1500000)
  to   space 47104K, 0% used [0x00000000f5800000,0x00000000f5800000,0x00000000f8600000)
 ParOldGen       total 140288K, used 86089K [0x0000000080000000, 0x0000000088900000, 0x00000000d5580000)
  object space 140288K, 61% used [0x0000000080000000,0x00000000854125f8,0x0000000088900000)
 Metaspace       used 107963K, capacity 113911K, committed 114072K, reserved 1148928K
  class space    used 14340K, capacity 15456K, committed 15528K, reserved 1048576K
}

